build/app/intermediates/manifest_merge_blame_file/debug/manifest-merger-blame-debug-report.txt
1<?xml version="1.0" encoding="utf-8"?>
2<manifest xmlns:android="http://schemas.android.com/apk/res/android"
3    package="berlin.tu.releaf"
4    android:versionCode="1"
5    android:versionName="1.0.0" >
6
7    <uses-sdk
8        android:minSdkVersion="21"
9        android:targetSdkVersion="33" />
10    <!--
11         The INTERNET permission is required for development. Specifically,
12         the Flutter tool needs it to communicate with the running application
13         to allow setting breakpoints, to provide hot reload, etc.
14    -->
15    <uses-permission android:name="android.permission.INTERNET" />
15-->src/debug/AndroidManifest.xml:6:5-66
15-->src/debug/AndroidManifest.xml:6:22-64
16    <uses-permission android:name="android.permission.ACCESS_NETWORK_STATE" />
16-->[:firebase_analytics] AndroidManifest.xml:9:5-79
16-->[:firebase_analytics] AndroidManifest.xml:9:22-76
17    <uses-permission android:name="android.permission.WAKE_LOCK" />
17-->[:firebase_analytics] AndroidManifest.xml:11:5-68
17-->[:firebase_analytics] AndroidManifest.xml:11:22-65
18    <uses-permission android:name="android.permission.RECEIVE_BOOT_COMPLETED" />
18-->[:flutter_local_notifications] AndroidManifest.xml:9:5-81
18-->[:flutter_local_notifications] AndroidManifest.xml:9:22-78
19    <uses-permission android:name="android.permission.VIBRATE" />
19-->[:flutter_local_notifications] AndroidManifest.xml:10:5-66
19-->[:flutter_local_notifications] AndroidManifest.xml:10:22-63
20    <uses-permission android:name="android.permission.USE_FULL_SCREEN_INTENT" />
20-->[:flutter_local_notifications] AndroidManifest.xml:11:5-81
20-->[:flutter_local_notifications] AndroidManifest.xml:11:22-78
21    <uses-permission android:name="android.permission.SCHEDULE_EXACT_ALARM" />
21-->[:flutter_local_notifications] AndroidManifest.xml:12:5-79
21-->[:flutter_local_notifications] AndroidManifest.xml:12:22-76
22    <uses-permission android:name="android.permission.POST_NOTIFICATIONS" />
22-->[:flutter_local_notifications] AndroidManifest.xml:13:5-77
22-->[:flutter_local_notifications] AndroidManifest.xml:13:22-74
23    <uses-permission android:name="com.google.android.gms.permission.AD_ID" />
23-->[com.google.android.gms:play-services-measurement-api:21.5.1] AndroidManifest.xml:25:5-79
23-->[com.google.android.gms:play-services-measurement-api:21.5.1] AndroidManifest.xml:25:22-76
24    <uses-permission android:name="android.permission.ACCESS_ADSERVICES_ATTRIBUTION" />
24-->[com.google.android.gms:play-services-measurement-api:21.5.1] AndroidManifest.xml:26:5-88
24-->[com.google.android.gms:play-services-measurement-api:21.5.1] AndroidManifest.xml:26:22-85
25    <uses-permission android:name="android.permission.ACCESS_ADSERVICES_AD_ID" />
25-->[com.google.android.gms:play-services-measurement-api:21.5.1] AndroidManifest.xml:27:5-82
25-->[com.google.android.gms:play-services-measurement-api:21.5.1] AndroidManifest.xml:27:22-79
26    <uses-permission android:name="com.google.android.finsky.permission.BIND_GET_INSTALL_REFERRER_SERVICE" />
26-->[com.google.android.gms:play-services-measurement:21.5.1] AndroidManifest.xml:26:5-110
26-->[com.google.android.gms:play-services-measurement:21.5.1] AndroidManifest.xml:26:22-107
27
28    <permission
28-->[androidx.core:core:1.10.1] AndroidManifest.xml:22:5-24:47
29        android:name="berlin.tu.releaf.DYNAMIC_RECEIVER_NOT_EXPORTED_PERMISSION"
29-->[androidx.core:core:1.10.1] AndroidManifest.xml:23:9-81
30        android:protectionLevel="signature" />
30-->[androidx.core:core:1.10.1] AndroidManifest.xml:24:9-44
31
32    <uses-permission android:name="berlin.tu.releaf.DYNAMIC_RECEIVER_NOT_EXPORTED_PERMISSION" />
32-->[androidx.core:core:1.10.1] AndroidManifest.xml:26:5-97
32-->[androidx.core:core:1.10.1] AndroidManifest.xml:26:22-94
33
34    <application
35        android:name="android.app.Application"
36        android:appComponentFactory="androidx.core.app.CoreComponentFactory"
36-->[androidx.core:core:1.10.1] AndroidManifest.xml:28:18-86
37        android:debuggable="true"
38        android:icon="@mipmap/ic_launcher"
39        android:label="Releaf" >
40        <activity
41            android:name="berlin.tu.releaf.MainActivity"
42            android:configChanges="orientation|keyboardHidden|keyboard|screenSize|smallestScreenSize|locale|layoutDirection|fontScale|screenLayout|density|uiMode"
43            android:exported="true"
44            android:hardwareAccelerated="true"
45            android:launchMode="singleTop"
46            android:theme="@style/LaunchTheme"
47            android:windowSoftInputMode="adjustResize" >
48
49            <!--
50                 Specifies an Android theme to apply to this Activity as soon as
51                 the Android process has started. This theme is visible to the user
52                 while the Flutter UI initializes. After that, this theme continues
53                 to determine the Window background behind the Flutter UI.
54            -->
55            <meta-data
56                android:name="io.flutter.embedding.android.NormalTheme"
57                android:resource="@style/NormalTheme" />
58
59            <intent-filter>
60                <action android:name="android.intent.action.MAIN" />
61
62                <category android:name="android.intent.category.LAUNCHER" />
63            </intent-filter>
64        </activity>
65        <!--
66             Don't delete the meta-data below.
67             This is used by the Flutter tool to generate GeneratedPluginRegistrant.java
68        -->
69        <meta-data
70            android:name="flutterEmbedding"
71            android:value="2" />
72
73        <service
73-->[:firebase_analytics] AndroidManifest.xml:14:9-18:19
74            android:name="com.google.firebase.components.ComponentDiscoveryService"
74-->[:firebase_analytics] AndroidManifest.xml:14:18-89
75            android:directBootAware="true"
75-->[com.google.firebase:firebase-common:20.4.2] AndroidManifest.xml:32:13-43
76            android:exported="false" >
76-->[com.google.android.gms:play-services-measurement-api:21.5.1] AndroidManifest.xml:36:13-37
77            <meta-data
77-->[:firebase_analytics] AndroidManifest.xml:15:13-17:85
78                android:name="com.google.firebase.components:io.flutter.plugins.firebase.analytics.FlutterFirebaseAppRegistrar"
78-->[:firebase_analytics] AndroidManifest.xml:16:17-128
79                android:value="com.google.firebase.components.ComponentRegistrar" />
79-->[:firebase_analytics] AndroidManifest.xml:17:17-82
80            <meta-data
80-->[:firebase_core] AndroidManifest.xml:11:13-13:85
81                android:name="com.google.firebase.components:io.flutter.plugins.firebase.core.FlutterFirebaseCoreRegistrar"
81-->[:firebase_core] AndroidManifest.xml:12:17-124
82                android:value="com.google.firebase.components.ComponentRegistrar" />
82-->[:firebase_core] AndroidManifest.xml:13:17-82
83            <meta-data
83-->[com.google.android.gms:play-services-measurement-api:21.5.1] AndroidManifest.xml:37:13-39:85
84                android:name="com.google.firebase.components:com.google.firebase.analytics.connector.internal.AnalyticsConnectorRegistrar"
84-->[com.google.android.gms:play-services-measurement-api:21.5.1] AndroidManifest.xml:38:17-139
85                android:value="com.google.firebase.components.ComponentRegistrar" />
85-->[com.google.android.gms:play-services-measurement-api:21.5.1] AndroidManifest.xml:39:17-82
86            <meta-data
86-->[com.google.firebase:firebase-installations:17.2.0] AndroidManifest.xml:15:13-17:85
87                android:name="com.google.firebase.components:com.google.firebase.installations.FirebaseInstallationsKtxRegistrar"
87-->[com.google.firebase:firebase-installations:17.2.0] AndroidManifest.xml:16:17-130
88                android:value="com.google.firebase.components.ComponentRegistrar" />
88-->[com.google.firebase:firebase-installations:17.2.0] AndroidManifest.xml:17:17-82
89            <meta-data
89-->[com.google.firebase:firebase-installations:17.2.0] AndroidManifest.xml:18:13-20:85
90                android:name="com.google.firebase.components:com.google.firebase.installations.FirebaseInstallationsRegistrar"
90-->[com.google.firebase:firebase-installations:17.2.0] AndroidManifest.xml:19:17-127
91                android:value="com.google.firebase.components.ComponentRegistrar" />
91-->[com.google.firebase:firebase-installations:17.2.0] AndroidManifest.xml:20:17-82
92            <meta-data
92-->[com.google.firebase:firebase-common-ktx:20.4.2] AndroidManifest.xml:12:13-14:85
93                android:name="com.google.firebase.components:com.google.firebase.ktx.FirebaseCommonLegacyRegistrar"
93-->[com.google.firebase:firebase-common-ktx:20.4.2] AndroidManifest.xml:13:17-116
94                android:value="com.google.firebase.components.ComponentRegistrar" />
94-->[com.google.firebase:firebase-common-ktx:20.4.2] AndroidManifest.xml:14:17-82
95            <meta-data
95-->[com.google.firebase:firebase-common:20.4.2] AndroidManifest.xml:35:13-37:85
96                android:name="com.google.firebase.components:com.google.firebase.FirebaseCommonKtxRegistrar"
96-->[com.google.firebase:firebase-common:20.4.2] AndroidManifest.xml:36:17-109
97                android:value="com.google.firebase.components.ComponentRegistrar" />
97-->[com.google.firebase:firebase-common:20.4.2] AndroidManifest.xml:37:17-82
98        </service>
99
100        <receiver
100-->[:flutter_local_notifications] AndroidManifest.xml:16:9-18:40
101            android:name="com.dexterous.flutterlocalnotifications.ActionBroadcastReceiver"
101-->[:flutter_local_notifications] AndroidManifest.xml:17:13-91
102            android:exported="false" />
102-->[:flutter_local_notifications] AndroidManifest.xml:18:13-37
103        <receiver
103-->[:flutter_local_notifications] AndroidManifest.xml:19:9-21:40
104            android:name="com.dexterous.flutterlocalnotifications.ScheduledNotificationReceiver"
104-->[:flutter_local_notifications] AndroidManifest.xml:20:13-97
105            android:exported="false" />
105-->[:flutter_local_notifications] AndroidManifest.xml:21:13-37
106        <receiver
106-->[:flutter_local_notifications] AndroidManifest.xml:22:9-31:20
107            android:name="com.dexterous.flutterlocalnotifications.ScheduledNotificationBootReceiver"
107-->[:flutter_local_notifications] AndroidManifest.xml:23:13-101
108            android:exported="false" >
108-->[:flutter_local_notifications] AndroidManifest.xml:24:13-37
109            <intent-filter>
109-->[:flutter_local_notifications] AndroidManifest.xml:25:13-30:29
110                <action android:name="android.intent.action.BOOT_COMPLETED" />
110-->[:flutter_local_notifications] AndroidManifest.xml:26:17-79
110-->[:flutter_local_notifications] AndroidManifest.xml:26:25-76
111                <action android:name="android.intent.action.MY_PACKAGE_REPLACED" />
111-->[:flutter_local_notifications] AndroidManifest.xml:27:17-84
111-->[:flutter_local_notifications] AndroidManifest.xml:27:25-81
112                <action android:name="android.intent.action.QUICKBOOT_POWERON" />
112-->[:flutter_local_notifications] AndroidManifest.xml:28:17-82
112-->[:flutter_local_notifications] AndroidManifest.xml:28:25-79
113                <action android:name="com.htc.intent.action.QUICKBOOT_POWERON" />
113-->[:flutter_local_notifications] AndroidManifest.xml:29:17-82
113-->[:flutter_local_notifications] AndroidManifest.xml:29:25-79
114            </intent-filter>
115        </receiver>
116
117        <activity
117-->[:url_launcher_android] AndroidManifest.xml:10:9-13:74
118            android:name="io.flutter.plugins.urllauncher.WebViewActivity"
118-->[:url_launcher_android] AndroidManifest.xml:11:13-74
119            android:exported="false"
119-->[:url_launcher_android] AndroidManifest.xml:12:13-37
120            android:theme="@android:style/Theme.NoTitleBar.Fullscreen" />
120-->[:url_launcher_android] AndroidManifest.xml:13:13-71
121
122        <property
122-->[com.google.android.gms:play-services-measurement-api:21.5.1] AndroidManifest.xml:30:9-32:61
123            android:name="android.adservices.AD_SERVICES_CONFIG"
123-->[com.google.android.gms:play-services-measurement-api:21.5.1] AndroidManifest.xml:31:13-65
124            android:resource="@xml/ga_ad_services_config" />
124-->[com.google.android.gms:play-services-measurement-api:21.5.1] AndroidManifest.xml:32:13-58
125
126        <receiver
126-->[com.google.android.gms:play-services-measurement:21.5.1] AndroidManifest.xml:29:9-33:20
127            android:name="com.google.android.gms.measurement.AppMeasurementReceiver"
127-->[com.google.android.gms:play-services-measurement:21.5.1] AndroidManifest.xml:30:13-85
128            android:enabled="true"
128-->[com.google.android.gms:play-services-measurement:21.5.1] AndroidManifest.xml:31:13-35
129            android:exported="false" >
129-->[com.google.android.gms:play-services-measurement:21.5.1] AndroidManifest.xml:32:13-37
130        </receiver>
131
132        <service
132-->[com.google.android.gms:play-services-measurement:21.5.1] AndroidManifest.xml:35:9-38:40
133            android:name="com.google.android.gms.measurement.AppMeasurementService"
133-->[com.google.android.gms:play-services-measurement:21.5.1] AndroidManifest.xml:36:13-84
134            android:enabled="true"
134-->[com.google.android.gms:play-services-measurement:21.5.1] AndroidManifest.xml:37:13-35
135            android:exported="false" />
135-->[com.google.android.gms:play-services-measurement:21.5.1] AndroidManifest.xml:38:13-37
136        <service
136-->[com.google.android.gms:play-services-measurement:21.5.1] AndroidManifest.xml:39:9-43:72
137            android:name="com.google.android.gms.measurement.AppMeasurementJobService"
137-->[com.google.android.gms:play-services-measurement:21.5.1] AndroidManifest.xml:40:13-87
138            android:enabled="true"
138-->[com.google.android.gms:play-services-measurement:21.5.1] AndroidManifest.xml:41:13-35
139            android:exported="false"
139-->[com.google.android.gms:play-services-measurement:21.5.1] AndroidManifest.xml:42:13-37
140            android:permission="android.permission.BIND_JOB_SERVICE" />
140-->[com.google.android.gms:play-services-measurement:21.5.1] AndroidManifest.xml:43:13-69
141
142        <uses-library
142-->[androidx.privacysandbox.ads:ads-adservices:1.0.0-beta05] AndroidManifest.xml:23:9-25:40
143            android:name="android.ext.adservices"
143-->[androidx.privacysandbox.ads:ads-adservices:1.0.0-beta05] AndroidManifest.xml:24:13-50
144            android:required="false" />
144-->[androidx.privacysandbox.ads:ads-adservices:1.0.0-beta05] AndroidManifest.xml:25:13-37
145        <uses-library
145-->[androidx.window:window:1.0.0-beta04] AndroidManifest.xml:25:9-27:40
146            android:name="androidx.window.extensions"
146-->[androidx.window:window:1.0.0-beta04] AndroidManifest.xml:26:13-54
147            android:required="false" />
147-->[androidx.window:window:1.0.0-beta04] AndroidManifest.xml:27:13-37
148        <uses-library
148-->[androidx.window:window:1.0.0-beta04] AndroidManifest.xml:28:9-30:40
149            android:name="androidx.window.sidecar"
149-->[androidx.window:window:1.0.0-beta04] AndroidManifest.xml:29:13-51
150            android:required="false" />
150-->[androidx.window:window:1.0.0-beta04] AndroidManifest.xml:30:13-37
151
152        <provider
152-->[com.google.firebase:firebase-common:20.4.2] AndroidManifest.xml:23:9-28:39
153            android:name="com.google.firebase.provider.FirebaseInitProvider"
153-->[com.google.firebase:firebase-common:20.4.2] AndroidManifest.xml:24:13-77
154            android:authorities="berlin.tu.releaf.firebaseinitprovider"
154-->[com.google.firebase:firebase-common:20.4.2] AndroidManifest.xml:25:13-72
155            android:directBootAware="true"
155-->[com.google.firebase:firebase-common:20.4.2] AndroidManifest.xml:26:13-43
156            android:exported="false"
156-->[com.google.firebase:firebase-common:20.4.2] AndroidManifest.xml:27:13-37
157            android:initOrder="100" />
157-->[com.google.firebase:firebase-common:20.4.2] AndroidManifest.xml:28:13-36
158
159        <meta-data
159-->[com.google.android.gms:play-services-basement:18.1.0] AndroidManifest.xml:21:9-23:69
160            android:name="com.google.android.gms.version"
160-->[com.google.android.gms:play-services-basement:18.1.0] AndroidManifest.xml:22:13-58
161            android:value="@integer/google_play_services_version" />
161-->[com.google.android.gms:play-services-basement:18.1.0] AndroidManifest.xml:23:13-66
162    </application>
163
164</manifest>